\BOOKMARK [0][-]{chapter.1}{\376\377\000D\000e\000t\000e\000r\000m\000i\000n\000i\000s\000t\000i\000s\000c\000h\000e\000\040\000E\000n\000d\000l\000i\000c\000h\000e\000\040\000A\000u\000t\000o\000m\000a\000t\000e\000n}{}% 1
\BOOKMARK [1][-]{section.1.1}{\376\377\000T\000r\000a\000n\000s\000d\000u\000k\000t\000o\000r}{chapter.1}% 2
\BOOKMARK [2][-]{subsection.1.1.1}{\376\377\000M\000e\000a\000l\000y\000-\000A\000u\000t\000o\000m\000a\000t}{section.1.1}% 3
\BOOKMARK [1][-]{section.1.2}{\376\377\000A\000k\000z\000e\000p\000t\000o\000r}{chapter.1}% 4
\BOOKMARK [2][-]{subsection.1.2.1}{\376\377\000M\000o\000o\000r\000e\000-\000A\000u\000t\000o\000m\000a\000t}{section.1.2}% 5
\BOOKMARK [2][-]{subsection.1.2.2}{\376\377\000M\000i\000n\000i\000m\000i\000e\000r\000u\000n\000g\000\040\000v\000o\000n\000\040\000D\000E\000A\000s}{section.1.2}% 6
\BOOKMARK [0][-]{chapter.2}{\376\377\000N\000i\000c\000h\000t\000d\000e\000t\000e\000r\000m\000i\000n\000i\000s\000t\000i\000s\000c\000h\000e\000\040\000E\000n\000d\000l\000i\000c\000h\000e\000\040\000A\000u\000t\000o\000m\000a\000t\000e\000n}{}% 7
\BOOKMARK [1][-]{section.2.1}{\376\377\000E\000p\000s\000i\000l\000o\000n\000-\000N\000E\000A\000s}{chapter.2}% 8
\BOOKMARK [2][-]{subsection.2.1.1}{\376\377\000E\000p\000s\000i\000l\000o\000n\000-\000N\000E\000A\000\040\000z\000u\000\040\000N\000E\000A}{section.2.1}% 9
\BOOKMARK [2][-]{subsection.2.1.2}{\376\377\000E\000p\000s\000i\000l\000o\000n\000-\000N\000E\000A\000\040\000z\000u\000\040\000D\000E\000A}{section.2.1}% 10
\BOOKMARK [1][-]{section.2.2}{\376\377\000N\000E\000A\000\040\000z\000u\000\040\000D\000E\000A\000\040\000m\000i\000t\000\040\000P\000o\000t\000e\000n\000z\000m\000e\000n\000g\000e\000n\000k\000o\000n\000s\000t\000r\000u\000k\000t\000i\000o\000n}{chapter.2}% 11
\BOOKMARK [0][-]{chapter.3}{\376\377\000R\000e\000g\000u\000l\000\344\000r\000e\000\040\000A\000u\000s\000d\000r\000\374\000c\000k\000e}{}% 12
\BOOKMARK [1][-]{section.3.1}{\376\377\000R\000e\000g\000E\000x\000\040\000z\000u\000\040\000N\000E\000A}{chapter.3}% 13
\BOOKMARK [2][-]{subsection.3.1.1}{\376\377\000R\000e\000g\000u\000l\000\344\000r\000e\000r\000\040\000A\000u\000s\000d\000r\000u\000c\000k\000:\000\040\000L\000e\000e\000r\000e\000\040\000M\000e\000n\000g\000e}{section.3.1}% 14
\BOOKMARK [2][-]{subsection.3.1.2}{\376\377\000R\000e\000g\000u\000l\000\344\000r\000e\000r\000\040\000A\000u\000s\000d\000r\000u\000c\000k\000:\000\040\000L\000e\000e\000r\000e\000s\000\040\000W\000o\000r\000t}{section.3.1}% 15
\BOOKMARK [2][-]{subsection.3.1.3}{\376\377\000R\000e\000g\000u\000l\000\344\000r\000e\000r\000\040\000A\000u\000s\000d\000r\000u\000c\000k\000:\000\040\000E\000i\000n\000g\000a\000b\000e\000s\000y\000m\000b\000o\000l}{section.3.1}% 16
\BOOKMARK [2][-]{subsection.3.1.4}{\376\377\000R\000e\000g\000u\000l\000\344\000r\000e\000r\000\040\000A\000u\000s\000d\000r\000u\000c\000k\000:\000\040\000V\000e\000r\000k\000e\000t\000t\000u\000n\000g}{section.3.1}% 17
\BOOKMARK [2][-]{subsection.3.1.5}{\376\377\000R\000e\000g\000u\000l\000\344\000r\000e\000r\000\040\000A\000u\000s\000d\000r\000u\000c\000k\000:\000\040\000A\000l\000t\000e\000r\000n\000a\000t\000i\000v\000e}{section.3.1}% 18
\BOOKMARK [2][-]{subsection.3.1.6}{\376\377\000R\000e\000g\000u\000l\000\344\000r\000e\000r\000\040\000A\000u\000s\000d\000r\000u\000c\000k\000:\000\040\000N\000-\000m\000a\000l\000i\000g\000e\000\040\000W\000i\000e\000d\000e\000r\000h\000o\000l\000u\000n\000g}{section.3.1}% 19
\BOOKMARK [0][-]{chapter.4}{\376\377\000F\000o\000r\000m\000a\000l\000e\000\040\000S\000p\000r\000a\000c\000h\000e\000n}{}% 20
\BOOKMARK [1][-]{section.4.1}{\376\377\000R\000e\000g\000u\000l\000\344\000r\000e\000\040\000S\000p\000r\000a\000c\000h\000e\000n}{chapter.4}% 21
\BOOKMARK [1][-]{section.4.2}{\376\377\000Q\0003\000.\0002\000:\000\040\000G\000r\000a\000m\000m\000a\000t\000i\000k\000e\000n}{chapter.4}% 22
\BOOKMARK [2][-]{subsection.4.2.1}{\376\377\000T\000y\000p\000\040\0003\000\040\000G\000r\000a\000m\000m\000a\000t\000i\000k\000\040\000\050\000r\000e\000g\000u\000l\000\344\000r\000\051}{section.4.2}% 23
\BOOKMARK [1][-]{section.4.3}{\376\377\000A\000b\000l\000e\000i\000t\000u\000n\000g}{chapter.4}% 24
\BOOKMARK [2][-]{subsection.4.3.1}{\376\377\000A\000b\000l\000e\000i\000t\000u\000n\000g\000s\000b\000a\000u\000m}{section.4.3}% 25
\BOOKMARK [2][-]{subsection.4.3.2}{\376\377\000S\000y\000n\000t\000a\000x\000d\000i\000a\000g\000r\000a\000m\000m\000e\000:\000\040\000R\000e\000g\000e\000l\000n}{section.4.3}% 26
\BOOKMARK [1][-]{section.4.4}{\376\377\000K\000o\000n\000t\000e\000x\000t\000f\000r\000e\000i\000e\000\040\000S\000p\000r\000a\000c\000h\000e\000n}{chapter.4}% 27
\BOOKMARK [2][-]{subsection.4.4.1}{\376\377\000C\000h\000o\000m\000s\000k\000y\000-\000N\000o\000r\000m\000a\000l\000f\000o\000r\000m}{section.4.4}% 28
\BOOKMARK [2][-]{subsection.4.4.2}{\376\377\000C\000Y\000K\000-\000A\000l\000g\000o\000r\000i\000t\000h\000m\000u\000s}{section.4.4}% 29
\BOOKMARK [0][-]{chapter.5}{\376\377\000R\000e\000g\000i\000s\000t\000e\000r\000m\000a\000s\000c\000h\000i\000n\000e}{}% 30
\BOOKMARK [1][-]{section.5.1}{\376\377\000H\000\344\000u\000f\000i\000g\000e\000\040\000O\000p\000e\000r\000a\000t\000i\000o\000n\000e\000n}{chapter.5}% 31
\BOOKMARK [2][-]{subsection.5.1.1}{\376\377\000\334\000b\000e\000r\000p\000r\000\374\000f\000u\000n\000g\000\040\000a\000u\000f\000\040\000G\000l\000e\000i\000c\000h\000h\000e\000i\000t}{section.5.1}% 32
\BOOKMARK [1][-]{section.5.2}{\376\377\000K\000l\000e\000i\000n\000e\000r\000\040\000a\000l\000s}{chapter.5}% 33
\BOOKMARK [1][-]{section.5.3}{\376\377\000G\000r\000\366\000\337\000e\000r\000\040\000a\000l\000s}{chapter.5}% 34
